<?xml version="1.0" encoding="UTF-8"?>
<!-- Generated by org.testng.reporters.JUnitXMLReporter -->
<testsuite hostname="surendra-d-Laptop.local" ignored="0" tests="1" failures="1" timestamp="04 May 2017 12:13:26 GMT" time="30.972" errors="0">
  <testcase name="LaunchTheApp" time="30.877" classname="AndroidTest">
    <failure type="java.lang.AssertionError" message="expected [null] but found [org.openqa.selenium.WebDriverException: org.apache.http.conn.HttpHostConnectException: Connect to localhost:80 [localhost/127.0.0.1, localhost/0:0:0:0:0:0:0:1, localhost/fe80:0:0:0:0:0:0:1%1] failed: Connection refused (Connection refused)
Build info: version: &amp;apos;3.0.1&amp;apos;, revision: &amp;apos;1969d75&amp;apos;, time: &amp;apos;2016-10-18 09:49:13 -0700&amp;apos;
System info: host: &amp;apos;surendra-d-Laptop.local&amp;apos;, ip: &amp;apos;10.120.22.236&amp;apos;, os.name: &amp;apos;Mac OS X&amp;apos;, os.arch: &amp;apos;x86_64&amp;apos;, os.version: &amp;apos;10.12.4&amp;apos;, java.version: &amp;apos;1.8.0_121&amp;apos;
Driver info: driver.version: AndroidDriver]">
      <![CDATA[java.lang.AssertionError: expected [null] but found [org.openqa.selenium.WebDriverException: org.apache.http.conn.HttpHostConnectException: Connect to localhost:80 [localhost/127.0.0.1, localhost/0:0:0:0:0:0:0:1, localhost/fe80:0:0:0:0:0:0:1%1] failed: Connection refused (Connection refused)
Build info: version: '3.0.1', revision: '1969d75', time: '2016-10-18 09:49:13 -0700'
System info: host: 'surendra-d-Laptop.local', ip: '10.120.22.236', os.name: 'Mac OS X', os.arch: 'x86_64', os.version: '10.12.4', java.version: '1.8.0_121'
Driver info: driver.version: AndroidDriver]
	at com.automation.appium.AndroidMobile.startDriver(AndroidMobile.java:872)
	at com.automation.appium.AndroidMobile.open(AndroidMobile.java:948)
	at com.automation.common.TestCase$AppiumMobileAndroidApplication.open(TestCase.java:1428)
	at AndroidTest.LaunchTheApp(AndroidTest.java:28)
... Removed 29 stack frames]]>
    </failure>
  </testcase> <!-- LaunchTheApp -->
</testsuite>
