<?xml version="1.0" encoding="UTF-8"?>
<!-- Generated by org.testng.reporters.JUnitXMLReporter -->
<testsuite hostname="surendra-d-Laptop.local" ignored="0" tests="1" failures="1" timestamp="22 May 2017 11:42:50 GMT" time="140.901" errors="0">
  <testcase name="LaunchRBApp" time="140.667" classname="RBSmokeTestScript_Domestic_TS_01">
    <failure type="java.lang.AssertionError" message="expected [null] but found [org.openqa.selenium.NoSuchElementException: An element could not be located on the page using the given search parameters. (WARNING: The server did not provide any stacktrace information)
Command duration or timeout: 5.49 seconds
For documentation on this error, please visit: http://seleniumhq.org/exceptions/no_such_element.html
Build info: version: &amp;apos;3.0.1&amp;apos;, revision: &amp;apos;1969d75&amp;apos;, time: &amp;apos;2016-10-18 09:49:13 -0700&amp;apos;
System info: host: &amp;apos;surendra-d-Laptop.local&amp;apos;, ip: &amp;apos;10.120.22.236&amp;apos;, os.name: &amp;apos;Mac OS X&amp;apos;, os.arch: &amp;apos;x86_64&amp;apos;, os.version: &amp;apos;10.12.4&amp;apos;, java.version: &amp;apos;1.8.0_121&amp;apos;
Driver info: io.appium.java_client.android.AndroidDriver
Capabilities [{app=/Users/surendrad/Downloads/rb_android-release.apk, appPackage=in.redbus.android, networkConnectionEnabled=true, warnings={}, databaseEnabled=false, deviceName=HQ535YL16586, platform=LINUX, deviceUDID=HQ535YL16586, appActivity=in.redbus.android.root.SplashScreen, desired={app=/Users/surendrad/Downloads/rb_android-release.apk, appPackage=in.redbus.android, appActivity=in.redbus.android.root.SplashScreen, newCommandTimeout=120, automationName=Appium, browserName=, platformName=Android, udid=HQ535YL16586, deviceName=android}, newCommandTimeout=120, platformVersion=4.4.2, webStorageEnabled=false, locationContextEnabled=false, automationName=Appium, takesScreenshot=true, browserName=, javascriptEnabled=true, platformName=Android, udid=HQ535YL16586}]
Session ID: 54485c8c-be4a-47c5-8e35-1fd95b14283c
*** Element info: {Using=id, value=in.redbus.android:id/dates_pane_tommorow}]">
      <![CDATA[java.lang.AssertionError: expected [null] but found [org.openqa.selenium.NoSuchElementException: An element could not be located on the page using the given search parameters. (WARNING: The server did not provide any stacktrace information)
Command duration or timeout: 5.49 seconds
For documentation on this error, please visit: http://seleniumhq.org/exceptions/no_such_element.html
Build info: version: '3.0.1', revision: '1969d75', time: '2016-10-18 09:49:13 -0700'
System info: host: 'surendra-d-Laptop.local', ip: '10.120.22.236', os.name: 'Mac OS X', os.arch: 'x86_64', os.version: '10.12.4', java.version: '1.8.0_121'
Driver info: io.appium.java_client.android.AndroidDriver
Capabilities [{app=/Users/surendrad/Downloads/rb_android-release.apk, appPackage=in.redbus.android, networkConnectionEnabled=true, warnings={}, databaseEnabled=false, deviceName=HQ535YL16586, platform=LINUX, deviceUDID=HQ535YL16586, appActivity=in.redbus.android.root.SplashScreen, desired={app=/Users/surendrad/Downloads/rb_android-release.apk, appPackage=in.redbus.android, appActivity=in.redbus.android.root.SplashScreen, newCommandTimeout=120, automationName=Appium, browserName=, platformName=Android, udid=HQ535YL16586, deviceName=android}, newCommandTimeout=120, platformVersion=4.4.2, webStorageEnabled=false, locationContextEnabled=false, automationName=Appium, takesScreenshot=true, browserName=, javascriptEnabled=true, platformName=Android, udid=HQ535YL16586}]
Session ID: 54485c8c-be4a-47c5-8e35-1fd95b14283c
*** Element info: {Using=id, value=in.redbus.android:id/dates_pane_tommorow}]
	at com.automation.appium.AndroidMobile.clickElement(AndroidMobile.java:750)
	at com.automation.common.TestCase$AppiumMobileAndroidApplication.clickElement(TestCase.java:1529)
	at GMethods.HomeScreen(GMethods.java:63)
	at RBSmokeTestScript_Domestic_TS_01.LaunchRBApp(RBSmokeTestScript_Domestic_TS_01.java:40)
	at java.util.concurrent.FutureTask.run(FutureTask.java:266)
	at java.util.concurrent.ThreadPoolExecutor.runWorker(ThreadPoolExecutor.java:1142)
	at java.util.concurrent.ThreadPoolExecutor$Worker.run(ThreadPoolExecutor.java:617)
	at java.lang.Thread.run(Thread.java:745)
... Removed 20 stack frames]]>
    </failure>
  </testcase> <!-- LaunchRBApp -->
</testsuite>
